<?xml version="1.0" encoding="UTF-8"?>
<!-- Generated by org.testng.reporters.JUnitReportReporter -->
<testsuite hostname="LAPTOP-DC6KV7F7" failures="0" tests="1" name="users.UserRegistration" time="4.140" errors="0" timestamp="2024-01-08T20:28:35 IST" skipped="0">
  <testcase classname="users.UserRegistration" name="verifyRegistration" time="4.140"/>
  <system-out/>
</testsuite> <!-- users.UserRegistration -->
